{"numFailedTestSuites":1,"numFailedTests":2,"numPassedTestSuites":11,"numPassedTests":110,"numPendingTestSuites":0,"numPendingTests":0,"numRuntimeErrorTestSuites":0,"numTodoTests":0,"numTotalTestSuites":12,"numTotalTests":112,"openHandles":[],"snapshot":{"added":0,"didUpdate":false,"failure":false,"filesAdded":0,"filesRemoved":0,"filesRemovedList":[],"filesUnmatched":0,"filesUpdated":0,"matched":0,"total":0,"unchecked":0,"uncheckedKeysByFile":[],"unmatched":0,"updated":0},"startTime":1778711437514,"success":false,"testResults":[{"assertionResults":[{"ancestorTitles":["/api/projects","GET"],"duration":3,"failureDetails":[],"failureMessages":[],"fullName":"/api/projects GET should list all projects","invocations":1,"location":null,"numPassingAsserts":4,"retryReasons":[],"status":"passed","title":"should list all projects"},{"ancestorTitles":["/api/projects","GET"],"duration":16,"failureDetails":[{"matcherResult":{"actual":500,"expected":409,"message":"\u001b[2mexpect(\u001b[22m\u001b[31mreceived\u001b[39m\u001b[2m).\u001b[22mtoBe\u001b[2m(\u001b[22m\u001b[32mexpected\u001b[39m\u001b[2m) // Object.is equality\u001b[22m\n\nExpected: \u001b[32m409\u001b[39m\nReceived: \u001b[31m500\u001b[39m","name":"toBe","pass":false}}],"failureMessages":["Error: \u001b[2mexpect(\u001b[22m\u001b[31mreceived\u001b[39m\u001b[2m).\u001b[22mtoBe\u001b[2m(\u001b[22m\u001b[32mexpected\u001b[39m\u001b[2m) // Object.is equality\u001b[22m\n\nExpected: \u001b[32m409\u001b[39m\nReceived: \u001b[31m500\u001b[39m\n    at Object.toBe (D:\\_Zweeh\\Website\\quickhost\\frontend\\__tests__\\api\\projects.test.ts:76:36)"],"fullName":"/api/projects GET should handle errors when listing projects","invocations":1,"location":null,"numPassingAsserts":0,"retryReasons":[],"status":"failed","title":"should handle errors when listing projects"},{"ancestorTitles":["/api/projects","POST"],"duration":1,"failureDetails":[],"failureMessages":[],"fullName":"/api/projects POST should create a new project","invocations":1,"location":null,"numPassingAsserts":2,"retryReasons":[],"status":"passed","title":"should create a new project"},{"ancestorTitles":["/api/projects","POST"],"duration":0,"failureDetails":[],"failureMessages":[],"fullName":"/api/projects POST should validate project name","invocations":1,"location":null,"numPassingAsserts":1,"retryReasons":[],"status":"passed","title":"should validate project name"},{"ancestorTitles":["/api/projects","POST"],"duration":1,"failureDetails":[],"failureMessages":[],"fullName":"/api/projects POST should validate git URL","invocations":1,"location":null,"numPassingAsserts":1,"retryReasons":[],"status":"passed","title":"should validate git URL"},{"ancestorTitles":["/api/projects","POST"],"duration":1,"failureDetails":[],"failureMessages":[],"fullName":"/api/projects POST should validate subdomain","invocations":1,"location":null,"numPassingAsserts":1,"retryReasons":[],"status":"passed","title":"should validate subdomain"},{"ancestorTitles":["/api/projects","POST"],"duration":1,"failureDetails":[{"matcherResult":{"actual":409,"expected":500,"message":"\u001b[2mexpect(\u001b[22m\u001b[31mreceived\u001b[39m\u001b[2m).\u001b[22mtoBe\u001b[2m(\u001b[22m\u001b[32mexpected\u001b[39m\u001b[2m) // Object.is equality\u001b[22m\n\nExpected: \u001b[32m500\u001b[39m\nReceived: \u001b[31m409\u001b[39m","name":"toBe","pass":false}}],"failureMessages":["Error: \u001b[2mexpect(\u001b[22m\u001b[31mreceived\u001b[39m\u001b[2m).\u001b[22mtoBe\u001b[2m(\u001b[22m\u001b[32mexpected\u001b[39m\u001b[2m) // Object.is equality\u001b[22m\n\nExpected: \u001b[32m500\u001b[39m\nReceived: \u001b[31m409\u001b[39m\n    at Object.toBe (D:\\_Zweeh\\Website\\quickhost\\frontend\\__tests__\\api\\projects.test.ts:198:36)"],"fullName":"/api/projects POST should handle duplicate project name","invocations":1,"location":null,"numPassingAsserts":0,"retryReasons":[],"status":"failed","title":"should handle duplicate project name"},{"ancestorTitles":["/api/projects","POST"],"duration":0,"failureDetails":[],"failureMessages":[],"fullName":"/api/projects POST should reject non-GET/POST requests","invocations":1,"location":null,"numPassingAsserts":1,"retryReasons":[],"status":"passed","title":"should reject non-GET/POST requests"}],"endTime":1778711438688,"message":"\u001b[1m\u001b[31m  \u001b[1m● \u001b[22m\u001b[1m/api/projects › GET › should handle errors when listing projects\u001b[39m\u001b[22m\n\n    \u001b[2mexpect(\u001b[22m\u001b[31mreceived\u001b[39m\u001b[2m).\u001b[22mtoBe\u001b[2m(\u001b[22m\u001b[32mexpected\u001b[39m\u001b[2m) // Object.is equality\u001b[22m\n\n    Expected: \u001b[32m409\u001b[39m\n    Received: \u001b[31m500\u001b[39m\n\u001b[2m\u001b[22m\n\u001b[2m    \u001b[0m \u001b[90m 74 |\u001b[39m       \u001b[36mawait\u001b[39m handler(req\u001b[33m,\u001b[39m res)\u001b[22m\n\u001b[2m     \u001b[90m 75 |\u001b[39m\u001b[22m\n\u001b[2m    \u001b[31m\u001b[1m>\u001b[22m\u001b[2m\u001b[39m\u001b[90m 76 |\u001b[39m       expect(res\u001b[33m.\u001b[39m_getStatusCode())\u001b[33m.\u001b[39mtoBe(\u001b[35m409\u001b[39m)\u001b[22m\n\u001b[2m     \u001b[90m    |\u001b[39m                                    \u001b[31m\u001b[1m^\u001b[22m\u001b[2m\u001b[39m\u001b[22m\n\u001b[2m     \u001b[90m 77 |\u001b[39m     })\u001b[22m\n\u001b[2m     \u001b[90m 78 |\u001b[39m   })\u001b[22m\n\u001b[2m     \u001b[90m 79 |\u001b[39m\u001b[0m\u001b[22m\n\u001b[2m\u001b[22m\n\u001b[2m      \u001b[2mat Object.toBe (\u001b[22m\u001b[2m\u001b[0m\u001b[36m__tests__/api/projects.test.ts\u001b[39m\u001b[0m\u001b[2m:76:36)\u001b[22m\u001b[2m\u001b[22m\n\n\u001b[1m\u001b[31m  \u001b[1m● \u001b[22m\u001b[1m/api/projects › POST › should handle duplicate project name\u001b[39m\u001b[22m\n\n    \u001b[2mexpect(\u001b[22m\u001b[31mreceived\u001b[39m\u001b[2m).\u001b[22mtoBe\u001b[2m(\u001b[22m\u001b[32mexpected\u001b[39m\u001b[2m) // Object.is equality\u001b[22m\n\n    Expected: \u001b[32m500\u001b[39m\n    Received: \u001b[31m409\u001b[39m\n\u001b[2m\u001b[22m\n\u001b[2m    \u001b[0m \u001b[90m 196 |\u001b[39m       \u001b[36mawait\u001b[39m handler(req\u001b[33m,\u001b[39m res)\u001b[22m\n\u001b[2m     \u001b[90m 197 |\u001b[39m\u001b[22m\n\u001b[2m    \u001b[31m\u001b[1m>\u001b[22m\u001b[2m\u001b[39m\u001b[90m 198 |\u001b[39m       expect(res\u001b[33m.\u001b[39m_getStatusCode())\u001b[33m.\u001b[39mtoBe(\u001b[35m500\u001b[39m)\u001b[22m\n\u001b[2m     \u001b[90m     |\u001b[39m                                    \u001b[31m\u001b[1m^\u001b[22m\u001b[2m\u001b[39m\u001b[22m\n\u001b[2m     \u001b[90m 199 |\u001b[39m     })\u001b[22m\n\u001b[2m     \u001b[90m 200 |\u001b[39m\u001b[22m\n\u001b[2m     \u001b[90m 201 |\u001b[39m     it(\u001b[32m'should reject non-GET/POST requests'\u001b[39m\u001b[33m,\u001b[39m \u001b[36masync\u001b[39m () \u001b[33m=>\u001b[39m {\u001b[0m\u001b[22m\n\u001b[2m\u001b[22m\n\u001b[2m      \u001b[2mat Object.toBe (\u001b[22m\u001b[2m\u001b[0m\u001b[36m__tests__/api/projects.test.ts\u001b[39m\u001b[0m\u001b[2m:198:36)\u001b[22m\u001b[2m\u001b[22m\n","name":"D:\\_Zweeh\\Website\\quickhost\\frontend\\__tests__\\api\\projects.test.ts","startTime":1778711438139,"status":"failed","summary":""},{"assertionResults":[{"ancestorTitles":[],"duration":1,"failureDetails":[],"failureMessages":[],"fullName":"test utilities export render helper","invocations":1,"location":null,"numPassingAsserts":1,"retryReasons":[],"status":"passed","title":"test utilities export render helper"},{"ancestorTitles":["ProjectForm"],"duration":31,"failureDetails":[],"failureMessages":[],"fullName":"ProjectForm should render all form fields","invocations":1,"location":null,"numPassingAsserts":5,"retryReasons":[],"status":"passed","title":"should render all form fields"},{"ancestorTitles":["ProjectForm"],"duration":33,"failureDetails":[],"failureMessages":[],"fullName":"ProjectForm should render submit button","invocations":1,"location":null,"numPassingAsserts":1,"retryReasons":[],"status":"passed","title":"should render submit button"},{"ancestorTitles":["ProjectForm"],"duration":95,"failureDetails":[],"failureMessages":[],"fullName":"ProjectForm should validate project name","invocations":1,"location":null,"numPassingAsserts":1,"retryReasons":[],"status":"passed","title":"should validate project name"},{"ancestorTitles":["ProjectForm"],"duration":194,"failureDetails":[],"failureMessages":[],"fullName":"ProjectForm should validate git URL","invocations":1,"location":null,"numPassingAsserts":1,"retryReasons":[],"status":"passed","title":"should validate git URL"},{"ancestorTitles":["ProjectForm"],"duration":182,"failureDetails":[],"failureMessages":[],"fullName":"ProjectForm should validate subdomain","invocations":1,"location":null,"numPassingAsserts":1,"retryReasons":[],"status":"passed","title":"should validate subdomain"},{"ancestorTitles":["ProjectForm"],"duration":808,"failureDetails":[],"failureMessages":[],"fullName":"ProjectForm should submit form with valid data","invocations":1,"location":null,"numPassingAsserts":1,"retryReasons":[],"status":"passed","title":"should submit form with valid data"},{"ancestorTitles":["ProjectForm"],"duration":816,"failureDetails":[],"failureMessages":[],"fullName":"ProjectForm should disable submit button while loading","invocations":1,"location":null,"numPassingAsserts":1,"retryReasons":[],"status":"passed","title":"should disable submit button while loading"},{"ancestorTitles":["ProjectForm"],"duration":853,"failureDetails":[],"failureMessages":[],"fullName":"ProjectForm should handle API errors","invocations":1,"location":null,"numPassingAsserts":1,"retryReasons":[],"status":"passed","title":"should handle API errors"},{"ancestorTitles":["ProjectForm"],"duration":7,"failureDetails":[],"failureMessages":[],"fullName":"ProjectForm should handle environment variables","invocations":1,"location":null,"numPassingAsserts":1,"retryReasons":[],"status":"passed","title":"should handle environment variables"},{"ancestorTitles":["ProjectForm"],"duration":39,"failureDetails":[],"failureMessages":[],"fullName":"ProjectForm should toggle SSL checkbox","invocations":1,"location":null,"numPassingAsserts":2,"retryReasons":[],"status":"passed","title":"should toggle SSL checkbox"},{"ancestorTitles":["ProjectForm"],"duration":5,"failureDetails":[],"failureMessages":[],"fullName":"ProjectForm should use default branch value","invocations":1,"location":null,"numPassingAsserts":1,"retryReasons":[],"status":"passed","title":"should use default branch value"}],"endTime":1778711442470,"message":"","name":"D:\\_Zweeh\\Website\\quickhost\\frontend\\__tests__\\components\\ProjectForm.test.tsx","startTime":1778711438725,"status":"passed","summary":""},{"assertionResults":[{"ancestorTitles":[],"duration":1,"failureDetails":[],"failureMessages":[],"fullName":"test utilities export render helper","invocations":1,"location":null,"numPassingAsserts":1,"retryReasons":[],"status":"passed","title":"test utilities export render helper"},{"ancestorTitles":["ProjectList"],"duration":53,"failureDetails":[],"failureMessages":[],"fullName":"ProjectList should render status cards with correct counts","invocations":1,"location":null,"numPassingAsserts":4,"retryReasons":[],"status":"passed","title":"should render status cards with correct counts"},{"ancestorTitles":["ProjectList"],"duration":28,"failureDetails":[],"failureMessages":[],"fullName":"ProjectList should render all projects","invocations":1,"location":null,"numPassingAsserts":3,"retryReasons":[],"status":"passed","title":"should render all projects"},{"ancestorTitles":["ProjectList"],"duration":121,"failureDetails":[],"failureMessages":[],"fullName":"ProjectList should filter projects by status","invocations":1,"location":null,"numPassingAsserts":4,"retryReasons":[],"status":"passed","title":"should filter projects by status"},{"ancestorTitles":["ProjectList"],"duration":33,"failureDetails":[],"failureMessages":[],"fullName":"ProjectList should auto-refresh projects","invocations":1,"location":null,"numPassingAsserts":2,"retryReasons":[],"status":"passed","title":"should auto-refresh projects"},{"ancestorTitles":["ProjectList"],"duration":13,"failureDetails":[],"failureMessages":[],"fullName":"ProjectList should display empty state when no projects","invocations":1,"location":null,"numPassingAsserts":1,"retryReasons":[],"status":"passed","title":"should display empty state when no projects"},{"ancestorTitles":["ProjectList"],"duration":29,"failureDetails":[],"failureMessages":[],"fullName":"ProjectList should handle fetch errors","invocations":1,"location":null,"numPassingAsserts":1,"retryReasons":[],"status":"passed","title":"should handle fetch errors"},{"ancestorTitles":["ProjectList"],"duration":32,"failureDetails":[],"failureMessages":[],"fullName":"ProjectList should have manual refresh button","invocations":1,"location":null,"numPassingAsserts":2,"retryReasons":[],"status":"passed","title":"should have manual refresh button"},{"ancestorTitles":["ProjectList"],"duration":45,"failureDetails":[],"failureMessages":[],"fullName":"ProjectList should render filter tabs for all statuses","invocations":1,"location":null,"numPassingAsserts":4,"retryReasons":[],"status":"passed","title":"should render filter tabs for all statuses"},{"ancestorTitles":["ProjectList"],"duration":14,"failureDetails":[],"failureMessages":[],"fullName":"ProjectList should render project cards in grid layout","invocations":1,"location":null,"numPassingAsserts":1,"retryReasons":[],"status":"passed","title":"should render project cards in grid layout"}],"endTime":1778711444775,"message":"","name":"D:\\_Zweeh\\Website\\quickhost\\frontend\\__tests__\\components\\ProjectList.test.tsx","startTime":1778711444010,"status":"passed","summary":""},{"assertionResults":[{"ancestorTitles":[],"duration":2,"failureDetails":[],"failureMessages":[],"fullName":"test utilities export render helper","invocations":1,"location":null,"numPassingAsserts":1,"retryReasons":[],"status":"passed","title":"test utilities export render helper"},{"ancestorTitles":["Project Details Page"],"duration":65,"failureDetails":[],"failureMessages":[],"fullName":"Project Details Page should render project name","invocations":1,"location":null,"numPassingAsserts":1,"retryReasons":[],"status":"passed","title":"should render project name"},{"ancestorTitles":["Project Details Page"],"duration":21,"failureDetails":[],"failureMessages":[],"fullName":"Project Details Page should display project status badge","invocations":1,"location":null,"numPassingAsserts":1,"retryReasons":[],"status":"passed","title":"should display project status badge"},{"ancestorTitles":["Project Details Page"],"duration":24,"failureDetails":[],"failureMessages":[],"fullName":"Project Details Page should display project information cards","invocations":1,"location":null,"numPassingAsserts":3,"retryReasons":[],"status":"passed","title":"should display project information cards"},{"ancestorTitles":["Project Details Page"],"duration":60,"failureDetails":[],"failureMessages":[],"fullName":"Project Details Page should display action buttons","invocations":1,"location":null,"numPassingAsserts":3,"retryReasons":[],"status":"passed","title":"should display action buttons"},{"ancestorTitles":["Project Details Page"],"duration":15,"failureDetails":[],"failureMessages":[],"fullName":"Project Details Page should display application logs","invocations":1,"location":null,"numPassingAsserts":1,"retryReasons":[],"status":"passed","title":"should display application logs"},{"ancestorTitles":["Project Details Page"],"duration":30,"failureDetails":[],"failureMessages":[],"fullName":"Project Details Page should have back button","invocations":1,"location":null,"numPassingAsserts":1,"retryReasons":[],"status":"passed","title":"should have back button"},{"ancestorTitles":["Project Details Page"],"duration":7,"failureDetails":[],"failureMessages":[],"fullName":"Project Details Page should auto-refresh project status","invocations":1,"location":null,"numPassingAsserts":2,"retryReasons":[],"status":"passed","title":"should auto-refresh project status"},{"ancestorTitles":["Project Details Page"],"duration":7,"failureDetails":[],"failureMessages":[],"fullName":"Project Details Page should display error state","invocations":1,"location":null,"numPassingAsserts":1,"retryReasons":[],"status":"passed","title":"should display error state"},{"ancestorTitles":["Project Details Page"],"duration":51,"failureDetails":[],"failureMessages":[],"fullName":"Project Details Page should show delete confirmation modal","invocations":1,"location":null,"numPassingAsserts":2,"retryReasons":[],"status":"passed","title":"should show delete confirmation modal"},{"ancestorTitles":["Project Details Page"],"duration":40,"failureDetails":[],"failureMessages":[],"fullName":"Project Details Page should have log viewer with toggle","invocations":1,"location":null,"numPassingAsserts":2,"retryReasons":[],"status":"passed","title":"should have log viewer with toggle"}],"endTime":1778711445567,"message":"","name":"D:\\_Zweeh\\Website\\quickhost\\frontend\\__tests__\\pages\\projectDetails.test.tsx","startTime":1778711444816,"status":"passed","summary":""},{"assertionResults":[{"ancestorTitles":[],"duration":1,"failureDetails":[],"failureMessages":[],"fullName":"test utilities export render helper","invocations":1,"location":null,"numPassingAsserts":1,"retryReasons":[],"status":"passed","title":"test utilities export render helper"},{"ancestorTitles":["Projects Dashboard Page"],"duration":35,"failureDetails":[],"failureMessages":[],"fullName":"Projects Dashboard Page should render page title","invocations":1,"location":null,"numPassingAsserts":1,"retryReasons":[],"status":"passed","title":"should render page title"},{"ancestorTitles":["Projects Dashboard Page"],"duration":18,"failureDetails":[],"failureMessages":[],"fullName":"Projects Dashboard Page should have tab navigation","invocations":1,"location":null,"numPassingAsserts":2,"retryReasons":[],"status":"passed","title":"should have tab navigation"},{"ancestorTitles":["Projects Dashboard Page"],"duration":22,"failureDetails":[],"failureMessages":[],"fullName":"Projects Dashboard Page should render projects list tab by default","invocations":1,"location":null,"numPassingAsserts":1,"retryReasons":[],"status":"passed","title":"should render projects list tab by default"},{"ancestorTitles":["Projects Dashboard Page"],"duration":29,"failureDetails":[],"failureMessages":[],"fullName":"Projects Dashboard Page should switch to create tab when clicked","invocations":1,"location":null,"numPassingAsserts":1,"retryReasons":[],"status":"passed","title":"should switch to create tab when clicked"},{"ancestorTitles":["Projects Dashboard Page"],"duration":31,"failureDetails":[],"failureMessages":[],"fullName":"Projects Dashboard Page should display projects list on projects tab","invocations":1,"location":null,"numPassingAsserts":1,"retryReasons":[],"status":"passed","title":"should display projects list on projects tab"},{"ancestorTitles":["Projects Dashboard Page"],"duration":31,"failureDetails":[],"failureMessages":[],"fullName":"Projects Dashboard Page should display create form on create tab","invocations":1,"location":null,"numPassingAsserts":3,"retryReasons":[],"status":"passed","title":"should display create form on create tab"},{"ancestorTitles":["Projects Dashboard Page"],"duration":3,"failureDetails":[],"failureMessages":[],"fullName":"Projects Dashboard Page should have proper page layout","invocations":1,"location":null,"numPassingAsserts":1,"retryReasons":[],"status":"passed","title":"should have proper page layout"},{"ancestorTitles":["Projects Dashboard Page"],"duration":12,"failureDetails":[],"failureMessages":[],"fullName":"Projects Dashboard Page should handle empty projects list","invocations":1,"location":null,"numPassingAsserts":1,"retryReasons":[],"status":"passed","title":"should handle empty projects list"}],"endTime":1778711446130,"message":"","name":"D:\\_Zweeh\\Website\\quickhost\\frontend\\__tests__\\pages\\projects.test.tsx","startTime":1778711445596,"status":"passed","summary":""},{"assertionResults":[{"ancestorTitles":[],"duration":1,"failureDetails":[],"failureMessages":[],"fullName":"test utilities export render helper","invocations":1,"location":null,"numPassingAsserts":1,"retryReasons":[],"status":"passed","title":"test utilities export render helper"},{"ancestorTitles":["Homepage"],"duration":33,"failureDetails":[],"failureMessages":[],"fullName":"Homepage should render the page title","invocations":1,"location":null,"numPassingAsserts":1,"retryReasons":[],"status":"passed","title":"should render the page title"},{"ancestorTitles":["Homepage"],"duration":12,"failureDetails":[],"failureMessages":[],"fullName":"Homepage should have a CTA button to projects","invocations":1,"location":null,"numPassingAsserts":1,"retryReasons":[],"status":"passed","title":"should have a CTA button to projects"},{"ancestorTitles":["Homepage"],"duration":16,"failureDetails":[],"failureMessages":[],"fullName":"Homepage should display features section","invocations":1,"location":null,"numPassingAsserts":1,"retryReasons":[],"status":"passed","title":"should display features section"},{"ancestorTitles":["Homepage"],"duration":14,"failureDetails":[],"failureMessages":[],"fullName":"Homepage should display how it works section","invocations":1,"location":null,"numPassingAsserts":1,"retryReasons":[],"status":"passed","title":"should display how it works section"},{"ancestorTitles":["Homepage"],"duration":6,"failureDetails":[],"failureMessages":[],"fullName":"Homepage should have responsive layout","invocations":1,"location":null,"numPassingAsserts":1,"retryReasons":[],"status":"passed","title":"should have responsive layout"},{"ancestorTitles":["Homepage"],"duration":6,"failureDetails":[],"failureMessages":[],"fullName":"Homepage should display hero section","invocations":1,"location":null,"numPassingAsserts":1,"retryReasons":[],"status":"passed","title":"should display hero section"}],"endTime":1778711446617,"message":"","name":"D:\\_Zweeh\\Website\\quickhost\\frontend\\__tests__\\pages\\index.test.tsx","startTime":1778711446169,"status":"passed","summary":""},{"assertionResults":[{"ancestorTitles":[],"duration":1,"failureDetails":[],"failureMessages":[],"fullName":"test utilities export render helper","invocations":1,"location":null,"numPassingAsserts":1,"retryReasons":[],"status":"passed","title":"test utilities export render helper"},{"ancestorTitles":["ProjectCard"],"duration":17,"failureDetails":[],"failureMessages":[],"fullName":"ProjectCard should render project name and subdomain","invocations":1,"location":null,"numPassingAsserts":2,"retryReasons":[],"status":"passed","title":"should render project name and subdomain"},{"ancestorTitles":["ProjectCard"],"duration":3,"failureDetails":[],"failureMessages":[],"fullName":"ProjectCard should display running status badge","invocations":1,"location":null,"numPassingAsserts":1,"retryReasons":[],"status":"passed","title":"should display running status badge"},{"ancestorTitles":["ProjectCard"],"duration":4,"failureDetails":[],"failureMessages":[],"fullName":"ProjectCard should display stopped status badge","invocations":1,"location":null,"numPassingAsserts":1,"retryReasons":[],"status":"passed","title":"should display stopped status badge"},{"ancestorTitles":["ProjectCard"],"duration":4,"failureDetails":[],"failureMessages":[],"fullName":"ProjectCard should display building status badge","invocations":1,"location":null,"numPassingAsserts":1,"retryReasons":[],"status":"passed","title":"should display building status badge"},{"ancestorTitles":["ProjectCard"],"duration":3,"failureDetails":[],"failureMessages":[],"fullName":"ProjectCard should display error status badge","invocations":1,"location":null,"numPassingAsserts":1,"retryReasons":[],"status":"passed","title":"should display error status badge"},{"ancestorTitles":["ProjectCard"],"duration":10,"failureDetails":[],"failureMessages":[],"fullName":"ProjectCard should display URL link to live project","invocations":1,"location":null,"numPassingAsserts":1,"retryReasons":[],"status":"passed","title":"should display URL link to live project"},{"ancestorTitles":["ProjectCard"],"duration":2,"failureDetails":[],"failureMessages":[],"fullName":"ProjectCard should display details button","invocations":1,"location":null,"numPassingAsserts":1,"retryReasons":[],"status":"passed","title":"should display details button"},{"ancestorTitles":["ProjectCard"],"duration":2,"failureDetails":[],"failureMessages":[],"fullName":"ProjectCard should display last updated time","invocations":1,"location":null,"numPassingAsserts":1,"retryReasons":[],"status":"passed","title":"should display last updated time"},{"ancestorTitles":["ProjectCard"],"duration":2,"failureDetails":[],"failureMessages":[],"fullName":"ProjectCard should handle pending status","invocations":1,"location":null,"numPassingAsserts":1,"retryReasons":[],"status":"passed","title":"should handle pending status"}],"endTime":1778711447069,"message":"","name":"D:\\_Zweeh\\Website\\quickhost\\frontend\\__tests__\\components\\ProjectCard.test.tsx","startTime":1778711446647,"status":"passed","summary":""},{"assertionResults":[{"ancestorTitles":["/api/projects/[id]","GET"],"duration":2,"failureDetails":[],"failureMessages":[],"fullName":"/api/projects/[id] GET should get a project by ID","invocations":1,"location":null,"numPassingAsserts":3,"retryReasons":[],"status":"passed","title":"should get a project by ID"},{"ancestorTitles":["/api/projects/[id]","GET"],"duration":0,"failureDetails":[],"failureMessages":[],"fullName":"/api/projects/[id] GET should return 404 if project not found","invocations":1,"location":null,"numPassingAsserts":1,"retryReasons":[],"status":"passed","title":"should return 404 if project not found"},{"ancestorTitles":["/api/projects/[id]","GET"],"duration":7,"failureDetails":[],"failureMessages":[],"fullName":"/api/projects/[id] GET should handle errors when getting project","invocations":1,"location":null,"numPassingAsserts":1,"retryReasons":[],"status":"passed","title":"should handle errors when getting project"},{"ancestorTitles":["/api/projects/[id]","DELETE"],"duration":2,"failureDetails":[],"failureMessages":[],"fullName":"/api/projects/[id] DELETE should delete a project","invocations":1,"location":null,"numPassingAsserts":2,"retryReasons":[],"status":"passed","title":"should delete a project"},{"ancestorTitles":["/api/projects/[id]","DELETE"],"duration":0,"failureDetails":[],"failureMessages":[],"fullName":"/api/projects/[id] DELETE should return 404 if project not found for deletion","invocations":1,"location":null,"numPassingAsserts":1,"retryReasons":[],"status":"passed","title":"should return 404 if project not found for deletion"},{"ancestorTitles":["/api/projects/[id]","DELETE"],"duration":1,"failureDetails":[],"failureMessages":[],"fullName":"/api/projects/[id] DELETE should handle errors when deleting project","invocations":1,"location":null,"numPassingAsserts":1,"retryReasons":[],"status":"passed","title":"should handle errors when deleting project"},{"ancestorTitles":["/api/projects/[id]","Invalid methods"],"duration":0,"failureDetails":[],"failureMessages":[],"fullName":"/api/projects/[id] Invalid methods should reject POST requests","invocations":1,"location":null,"numPassingAsserts":1,"retryReasons":[],"status":"passed","title":"should reject POST requests"},{"ancestorTitles":["/api/projects/[id]","Invalid methods"],"duration":0,"failureDetails":[],"failureMessages":[],"fullName":"/api/projects/[id] Invalid methods should reject PUT requests","invocations":1,"location":null,"numPassingAsserts":1,"retryReasons":[],"status":"passed","title":"should reject PUT requests"}],"endTime":1778711447316,"message":"","name":"D:\\_Zweeh\\Website\\quickhost\\frontend\\__tests__\\api\\projectById.test.ts","startTime":1778711447099,"status":"passed","summary":""},{"assertionResults":[{"ancestorTitles":["/api/health"],"duration":2,"failureDetails":[],"failureMessages":[],"fullName":"/api/health should return 200 status","invocations":1,"location":null,"numPassingAsserts":1,"retryReasons":[],"status":"passed","title":"should return 200 status"},{"ancestorTitles":["/api/health"],"duration":1,"failureDetails":[],"failureMessages":[],"fullName":"/api/health should return health object","invocations":1,"location":null,"numPassingAsserts":3,"retryReasons":[],"status":"passed","title":"should return health object"},{"ancestorTitles":["/api/health"],"duration":0,"failureDetails":[],"failureMessages":[],"fullName":"/api/health should have status ok","invocations":1,"location":null,"numPassingAsserts":1,"retryReasons":[],"status":"passed","title":"should have status ok"},{"ancestorTitles":["/api/health"],"duration":1,"failureDetails":[],"failureMessages":[],"fullName":"/api/health should have valid timestamp","invocations":1,"location":null,"numPassingAsserts":1,"retryReasons":[],"status":"passed","title":"should have valid timestamp"},{"ancestorTitles":["/api/health"],"duration":0,"failureDetails":[],"failureMessages":[],"fullName":"/api/health should reject non-GET requests","invocations":1,"location":null,"numPassingAsserts":1,"retryReasons":[],"status":"passed","title":"should reject non-GET requests"}],"endTime":1778711447557,"message":"","name":"D:\\_Zweeh\\Website\\quickhost\\frontend\\__tests__\\api\\health.test.ts","startTime":1778711447350,"status":"passed","summary":""},{"assertionResults":[{"ancestorTitles":["/api/projects/[id]/logs","GET"],"duration":4,"failureDetails":[],"failureMessages":[],"fullName":"/api/projects/[id]/logs GET should get application logs","invocations":1,"location":null,"numPassingAsserts":3,"retryReasons":[],"status":"passed","title":"should get application logs"},{"ancestorTitles":["/api/projects/[id]/logs","GET"],"duration":1,"failureDetails":[],"failureMessages":[],"fullName":"/api/projects/[id]/logs GET should use default limit if not provided","invocations":1,"location":null,"numPassingAsserts":2,"retryReasons":[],"status":"passed","title":"should use default limit if not provided"},{"ancestorTitles":["/api/projects/[id]/logs","GET"],"duration":1,"failureDetails":[],"failureMessages":[],"fullName":"/api/projects/[id]/logs GET should cap limit at 1000","invocations":1,"location":null,"numPassingAsserts":2,"retryReasons":[],"status":"passed","title":"should cap limit at 1000"},{"ancestorTitles":["/api/projects/[id]/logs","GET"],"duration":0,"failureDetails":[],"failureMessages":[],"fullName":"/api/projects/[id]/logs GET should return 404 if project not found","invocations":1,"location":null,"numPassingAsserts":1,"retryReasons":[],"status":"passed","title":"should return 404 if project not found"},{"ancestorTitles":["/api/projects/[id]/logs","GET"],"duration":8,"failureDetails":[],"failureMessages":[],"fullName":"/api/projects/[id]/logs GET should handle errors when retrieving logs","invocations":1,"location":null,"numPassingAsserts":1,"retryReasons":[],"status":"passed","title":"should handle errors when retrieving logs"},{"ancestorTitles":["/api/projects/[id]/logs","Invalid methods"],"duration":1,"failureDetails":[],"failureMessages":[],"fullName":"/api/projects/[id]/logs Invalid methods should only accept GET requests","invocations":1,"location":null,"numPassingAsserts":1,"retryReasons":[],"status":"passed","title":"should only accept GET requests"},{"ancestorTitles":["/api/projects/[id]/logs","Invalid methods"],"duration":0,"failureDetails":[],"failureMessages":[],"fullName":"/api/projects/[id]/logs Invalid methods should reject DELETE requests","invocations":1,"location":null,"numPassingAsserts":1,"retryReasons":[],"status":"passed","title":"should reject DELETE requests"},{"ancestorTitles":["/api/projects/[id]/logs","Query validation"],"duration":1,"failureDetails":[],"failureMessages":[],"fullName":"/api/projects/[id]/logs Query validation should validate limit is a number","invocations":1,"location":null,"numPassingAsserts":1,"retryReasons":[],"status":"passed","title":"should validate limit is a number"},{"ancestorTitles":["/api/projects/[id]/logs","Query validation"],"duration":0,"failureDetails":[],"failureMessages":[],"fullName":"/api/projects/[id]/logs Query validation should require type parameter","invocations":1,"location":null,"numPassingAsserts":1,"retryReasons":[],"status":"passed","title":"should require type parameter"}],"endTime":1778711447791,"message":"","name":"D:\\_Zweeh\\Website\\quickhost\\frontend\\__tests__\\api\\projectLogs.test.ts","startTime":1778711447583,"status":"passed","summary":""},{"assertionResults":[{"ancestorTitles":["Validation Utilities","isValidSubdomain"],"duration":2,"failureDetails":[],"failureMessages":[],"fullName":"Validation Utilities isValidSubdomain should accept valid subdomains","invocations":1,"location":null,"numPassingAsserts":4,"retryReasons":[],"status":"passed","title":"should accept valid subdomains"},{"ancestorTitles":["Validation Utilities","isValidSubdomain"],"duration":1,"failureDetails":[],"failureMessages":[],"fullName":"Validation Utilities isValidSubdomain should reject invalid subdomains","invocations":1,"location":null,"numPassingAsserts":6,"retryReasons":[],"status":"passed","title":"should reject invalid subdomains"},{"ancestorTitles":["Validation Utilities","isValidSubdomain"],"duration":0,"failureDetails":[],"failureMessages":[],"fullName":"Validation Utilities isValidSubdomain should handle edge cases","invocations":1,"location":null,"numPassingAsserts":2,"retryReasons":[],"status":"passed","title":"should handle edge cases"},{"ancestorTitles":["Validation Utilities","isValidGitUrl"],"duration":1,"failureDetails":[],"failureMessages":[],"fullName":"Validation Utilities isValidGitUrl should accept valid GitHub HTTPS URLs","invocations":1,"location":null,"numPassingAsserts":2,"retryReasons":[],"status":"passed","title":"should accept valid GitHub HTTPS URLs"},{"ancestorTitles":["Validation Utilities","isValidGitUrl"],"duration":0,"failureDetails":[],"failureMessages":[],"fullName":"Validation Utilities isValidGitUrl should accept valid GitLab HTTPS URLs","invocations":1,"location":null,"numPassingAsserts":2,"retryReasons":[],"status":"passed","title":"should accept valid GitLab HTTPS URLs"},{"ancestorTitles":["Validation Utilities","isValidGitUrl"],"duration":0,"failureDetails":[],"failureMessages":[],"fullName":"Validation Utilities isValidGitUrl should accept valid SSH URLs","invocations":1,"location":null,"numPassingAsserts":2,"retryReasons":[],"status":"passed","title":"should accept valid SSH URLs"},{"ancestorTitles":["Validation Utilities","isValidGitUrl"],"duration":0,"failureDetails":[],"failureMessages":[],"fullName":"Validation Utilities isValidGitUrl should reject invalid URLs","invocations":1,"location":null,"numPassingAsserts":3,"retryReasons":[],"status":"passed","title":"should reject invalid URLs"},{"ancestorTitles":["Validation Utilities","isValidProjectName"],"duration":0,"failureDetails":[],"failureMessages":[],"fullName":"Validation Utilities isValidProjectName should accept valid project names","invocations":1,"location":null,"numPassingAsserts":5,"retryReasons":[],"status":"passed","title":"should accept valid project names"},{"ancestorTitles":["Validation Utilities","isValidProjectName"],"duration":4,"failureDetails":[],"failureMessages":[],"fullName":"Validation Utilities isValidProjectName should reject invalid project names","invocations":1,"location":null,"numPassingAsserts":4,"retryReasons":[],"status":"passed","title":"should reject invalid project names"},{"ancestorTitles":["Validation Utilities","sanitizeInput"],"duration":1,"failureDetails":[],"failureMessages":[],"fullName":"Validation Utilities sanitizeInput should remove dangerous characters","invocations":1,"location":null,"numPassingAsserts":4,"retryReasons":[],"status":"passed","title":"should remove dangerous characters"},{"ancestorTitles":["Validation Utilities","sanitizeInput"],"duration":0,"failureDetails":[],"failureMessages":[],"fullName":"Validation Utilities sanitizeInput should trim whitespace","invocations":1,"location":null,"numPassingAsserts":2,"retryReasons":[],"status":"passed","title":"should trim whitespace"},{"ancestorTitles":["Validation Utilities","sanitizeInput"],"duration":1,"failureDetails":[],"failureMessages":[],"fullName":"Validation Utilities sanitizeInput should limit length","invocations":1,"location":null,"numPassingAsserts":1,"retryReasons":[],"status":"passed","title":"should limit length"},{"ancestorTitles":["Validation Utilities","parseGitUrl"],"duration":0,"failureDetails":[],"failureMessages":[],"fullName":"Validation Utilities parseGitUrl should parse GitHub HTTPS URLs","invocations":1,"location":null,"numPassingAsserts":3,"retryReasons":[],"status":"passed","title":"should parse GitHub HTTPS URLs"},{"ancestorTitles":["Validation Utilities","parseGitUrl"],"duration":1,"failureDetails":[],"failureMessages":[],"fullName":"Validation Utilities parseGitUrl should parse GitLab HTTPS URLs","invocations":1,"location":null,"numPassingAsserts":3,"retryReasons":[],"status":"passed","title":"should parse GitLab HTTPS URLs"},{"ancestorTitles":["Validation Utilities","parseGitUrl"],"duration":0,"failureDetails":[],"failureMessages":[],"fullName":"Validation Utilities parseGitUrl should parse SSH URLs","invocations":1,"location":null,"numPassingAsserts":3,"retryReasons":[],"status":"passed","title":"should parse SSH URLs"},{"ancestorTitles":["Validation Utilities","parseGitUrl"],"duration":1,"failureDetails":[],"failureMessages":[],"fullName":"Validation Utilities parseGitUrl should return null for invalid URLs","invocations":1,"location":null,"numPassingAsserts":2,"retryReasons":[],"status":"passed","title":"should return null for invalid URLs"}],"endTime":1778711448019,"message":"","name":"D:\\_Zweeh\\Website\\quickhost\\frontend\\__tests__\\lib\\validation.test.ts","startTime":1778711447822,"status":"passed","summary":""},{"assertionResults":[{"ancestorTitles":["/api/projects/[id]/[action]","restart action"],"duration":3,"failureDetails":[],"failureMessages":[],"fullName":"/api/projects/[id]/[action] restart action should restart a project","invocations":1,"location":null,"numPassingAsserts":2,"retryReasons":[],"status":"passed","title":"should restart a project"},{"ancestorTitles":["/api/projects/[id]/[action]","restart action"],"duration":1,"failureDetails":[],"failureMessages":[],"fullName":"/api/projects/[id]/[action] restart action should return error if project not found for restart","invocations":1,"location":null,"numPassingAsserts":1,"retryReasons":[],"status":"passed","title":"should return error if project not found for restart"},{"ancestorTitles":["/api/projects/[id]/[action]","stop action"],"duration":0,"failureDetails":[],"failureMessages":[],"fullName":"/api/projects/[id]/[action] stop action should stop a project","invocations":1,"location":null,"numPassingAsserts":2,"retryReasons":[],"status":"passed","title":"should stop a project"},{"ancestorTitles":["/api/projects/[id]/[action]","stop action"],"duration":1,"failureDetails":[],"failureMessages":[],"fullName":"/api/projects/[id]/[action] stop action should return error if project not found for stop","invocations":1,"location":null,"numPassingAsserts":1,"retryReasons":[],"status":"passed","title":"should return error if project not found for stop"},{"ancestorTitles":["/api/projects/[id]/[action]","invalid action"],"duration":0,"failureDetails":[],"failureMessages":[],"fullName":"/api/projects/[id]/[action] invalid action should reject unknown actions","invocations":1,"location":null,"numPassingAsserts":1,"retryReasons":[],"status":"passed","title":"should reject unknown actions"},{"ancestorTitles":["/api/projects/[id]/[action]","invalid methods"],"duration":1,"failureDetails":[],"failureMessages":[],"fullName":"/api/projects/[id]/[action] invalid methods should only accept POST requests","invocations":1,"location":null,"numPassingAsserts":1,"retryReasons":[],"status":"passed","title":"should only accept POST requests"},{"ancestorTitles":["/api/projects/[id]/[action]","invalid methods"],"duration":0,"failureDetails":[],"failureMessages":[],"fullName":"/api/projects/[id]/[action] invalid methods should reject DELETE requests","invocations":1,"location":null,"numPassingAsserts":1,"retryReasons":[],"status":"passed","title":"should reject DELETE requests"}],"endTime":1778711448245,"message":"","name":"D:\\_Zweeh\\Website\\quickhost\\frontend\\__tests__\\api\\projectActions.test.ts","startTime":1778711448048,"status":"passed","summary":""}],"wasInterrupted":false}
